<?xml version="1.0" encoding="UTF-8"?>
<testng-results ignored="0" total="1" passed="1" failed="0" skipped="0">
  <reporter-output>
  </reporter-output>
  <suite started-at="2024-12-16T14:02:33 GMT" name="Default suite" finished-at="2024-12-16T14:10:38 GMT" duration-ms="485102">
    <groups>
    </groups>
    <test started-at="2024-12-16T14:02:33 GMT" name="Default test" finished-at="2024-12-16T14:10:38 GMT" duration-ms="485102">
      <class name="com.zenhotels.tests.BookingTest">
        <test-method is-config="true" signature="openZenHotelsBrowser()[pri:0, instance:com.zenhotels.tests.BookingTest@5ab956d7]" started-at="2024-12-16T14:02:25 GMT" name="openZenHotelsBrowser" finished-at="2024-12-16T14:02:33 GMT" duration-ms="7623" status="PASS">
          <reporter-output>
          </reporter-output>
        </test-method> <!-- openZenHotelsBrowser -->
        <test-method is-config="true" signature="setUp()[pri:0, instance:com.zenhotels.tests.BookingTest@5ab956d7]" started-at="2024-12-16T14:02:33 GMT" name="setUp" finished-at="2024-12-16T14:02:34 GMT" duration-ms="1311" status="PASS">
          <reporter-output>
          </reporter-output>
        </test-method> <!-- setUp -->
        <test-method signature="bookingProcess()[pri:0, instance:com.zenhotels.tests.BookingTest@5ab956d7]" started-at="2024-12-16T14:02:34 GMT" name="bookingProcess" finished-at="2024-12-16T14:10:38 GMT" duration-ms="483716" status="PASS">
          <reporter-output>
          </reporter-output>
        </test-method> <!-- bookingProcess -->
        <test-method is-config="true" signature="tearDown()[pri:0, instance:com.zenhotels.tests.BookingTest@5ab956d7]" started-at="2024-12-16T14:10:38 GMT" name="tearDown" finished-at="2024-12-16T14:10:38 GMT" duration-ms="1" status="PASS">
          <reporter-output>
          </reporter-output>
        </test-method> <!-- tearDown -->
        <test-method is-config="true" signature="closeZenHotelsBrowser()[pri:0, instance:com.zenhotels.tests.BookingTest@5ab956d7]" started-at="2024-12-16T14:10:38 GMT" name="closeZenHotelsBrowser" finished-at="2024-12-16T14:10:38 GMT" duration-ms="224" status="PASS">
          <reporter-output>
          </reporter-output>
        </test-method> <!-- closeZenHotelsBrowser -->
      </class> <!-- com.zenhotels.tests.BookingTest -->
    </test> <!-- Default test -->
  </suite> <!-- Default suite -->
</testng-results>
